
  .   ____          _            __ _ _
 /\\ / ___'_ __ _ _(_)_ __  __ _ \ \ \ \
( ( )\___ | '_ | '_| | '_ \/ _` | \ \ \ \
 \\/  ___)| |_)| | | | | || (_| |  ) ) ) )
  '  |____| .__|_| |_|_| |_\__, | / / / /
 =========|_|==============|___/=/_/_/_/
 :: Spring Boot ::                (v3.2.0)

2025-07-06T23:32:03.387+05:30  INFO 9588 --- [           main] com.example.newsapp.NewsApplication      : Starting NewsApplication v0.0.1-SNAPSHOT using Java 23.0.2 with PID 9588 (F:\NewsAggregator\build\libs\news-aggregator-0.0.1-SNAPSHOT.jar started by Admin in F:\NewsAggregator)
2025-07-06T23:32:03.392+05:30  INFO 9588 --- [           main] com.example.newsapp.NewsApplication      : No active profile set, falling back to 1 default profile: "default"
2025-07-06T23:32:05.856+05:30  INFO 9588 --- [           main] .s.d.r.c.RepositoryConfigurationDelegate : Bootstrapping Spring Data JPA repositories in DEFAULT mode.
2025-07-06T23:32:06.156+05:30  INFO 9588 --- [           main] .s.d.r.c.RepositoryConfigurationDelegate : Finished Spring Data repository scanning in 282 ms. Found 1 JPA repository interface.
2025-07-06T23:32:07.728+05:30  INFO 9588 --- [           main] o.s.b.w.embedded.tomcat.TomcatWebServer  : Tomcat initialized with port 8080 (http)
2025-07-06T23:32:07.755+05:30  INFO 9588 --- [           main] o.apache.catalina.core.StandardService   : Starting service [Tomcat]
2025-07-06T23:32:07.755+05:30  INFO 9588 --- [           main] o.apache.catalina.core.StandardEngine    : Starting Servlet engine: [Apache Tomcat/10.1.16]
2025-07-06T23:32:07.826+05:30  INFO 9588 --- [           main] o.a.c.c.C.[Tomcat].[localhost].[/]       : Initializing Spring embedded WebApplicationContext
2025-07-06T23:32:07.829+05:30  INFO 9588 --- [           main] w.s.c.ServletWebServerApplicationContext : Root WebApplicationContext: initialization completed in 4240 ms
2025-07-06T23:32:08.157+05:30  INFO 9588 --- [           main] o.hibernate.jpa.internal.util.LogHelper  : HHH000204: Processing PersistenceUnitInfo [name: default]
2025-07-06T23:32:08.285+05:30  INFO 9588 --- [           main] org.hibernate.Version                    : HHH000412: Hibernate ORM core version 6.3.1.Final
2025-07-06T23:32:08.375+05:30  INFO 9588 --- [           main] o.h.c.internal.RegionFactoryInitiator    : HHH000026: Second-level cache disabled
2025-07-06T23:32:08.975+05:30  INFO 9588 --- [           main] o.s.o.j.p.SpringPersistenceUnitInfo      : No LoadTimeWeaver setup: ignoring JPA class transformer
2025-07-06T23:32:09.035+05:30  INFO 9588 --- [           main] com.zaxxer.hikari.HikariDataSource       : HikariPool-1 - Starting...
2025-07-06T23:32:09.410+05:30  INFO 9588 --- [           main] com.zaxxer.hikari.pool.HikariPool        : HikariPool-1 - Added connection conn0: url=jdbc:h2:mem:newsdb user=SA
2025-07-06T23:32:09.414+05:30  INFO 9588 --- [           main] com.zaxxer.hikari.HikariDataSource       : HikariPool-1 - Start completed.
2025-07-06T23:32:10.901+05:30  INFO 9588 --- [           main] o.h.e.t.j.p.i.JtaPlatformInitiator       : HHH000489: No JTA platform available (set 'hibernate.transaction.jta.platform' to enable JTA platform integration)
2025-07-06T23:32:11.001+05:30  INFO 9588 --- [           main] j.LocalContainerEntityManagerFactoryBean : Initialized JPA EntityManagerFactory for persistence unit 'default'
2025-07-06T23:32:13.078+05:30  WARN 9588 --- [           main] JpaBaseConfiguration$JpaWebConfiguration : spring.jpa.open-in-view is enabled by default. Therefore, database queries may be performed during view rendering. Explicitly configure spring.jpa.open-in-view to disable this warning
2025-07-06T23:32:13.503+05:30  INFO 9588 --- [           main] o.s.s.web.DefaultSecurityFilterChain     : Will secure any request with [org.springframework.security.web.session.DisableEncodeUrlFilter@79392584, org.springframework.security.web.context.request.async.WebAsyncManagerIntegrationFilter@cf82c58, org.springframework.security.web.context.SecurityContextHolderFilter@50f5ce5b, org.springframework.security.web.header.HeaderWriterFilter@7f72855d, org.springframework.web.filter.CorsFilter@1407b93f, org.springframework.security.web.authentication.logout.LogoutFilter@72b689f6, com.example.newsapp.security.JwtAuthenticationFilter@57283fac, org.springframework.security.web.savedrequest.RequestCacheAwareFilter@7f0b2bf1, org.springframework.security.web.servletapi.SecurityContextHolderAwareRequestFilter@1a507ea0, org.springframework.security.web.authentication.AnonymousAuthenticationFilter@5aff8207, org.springframework.security.web.session.SessionManagementFilter@147ea894, org.springframework.security.web.access.ExceptionTranslationFilter@2f307fcc, org.springframework.security.web.access.intercept.AuthorizationFilter@66e27ac9]
2025-07-06T23:32:13.960+05:30  INFO 9588 --- [           main] o.s.b.w.embedded.tomcat.TomcatWebServer  : Tomcat started on port 8080 (http) with context path ''
2025-07-06T23:32:13.990+05:30  INFO 9588 --- [           main] com.example.newsapp.NewsApplication      : Started NewsApplication in 11.662 seconds (process running for 12.776)
2025-07-06T23:32:23.048+05:30  INFO 9588 --- [nio-8080-exec-1] o.a.c.c.C.[Tomcat].[localhost].[/]       : Initializing Spring DispatcherServlet 'dispatcherServlet'
2025-07-06T23:32:23.048+05:30  INFO 9588 --- [nio-8080-exec-1] o.s.web.servlet.DispatcherServlet        : Initializing Servlet 'dispatcherServlet'
2025-07-06T23:32:23.052+05:30  INFO 9588 --- [nio-8080-exec-1] o.s.web.servlet.DispatcherServlet        : Completed initialization in 4 ms
2025-07-06T23:32:23.073+05:30  WARN 9588 --- [nio-8080-exec-1] o.s.w.s.h.HandlerMappingIntrospector     : Cache miss for REQUEST dispatch to '/api/register' (previous null). Performing CorsConfiguration lookup. This is logged once only at WARN level, and every time at TRACE.
2025-07-06T23:32:23.095+05:30  WARN 9588 --- [nio-8080-exec-1] o.s.w.s.h.HandlerMappingIntrospector     : Cache miss for REQUEST dispatch to '/api/register' (previous null). Performing MatchableHandlerMapping lookup. This is logged once only at WARN level, and every time at TRACE.
